Tue Nov 30 2021 - Error: Error in downloading images
    at Object.apod.downloadImages (C:\Users\wel\Downloads\quantiply-prod\services\apod.js:78:17)
    at processTicksAndRejections (node:internal/process/task_queues:96:5)
    at async C:\Users\wel\Downloads\quantiply-prod\routes\index.js:79:13
Tue Nov 30 2021 - Error: Error in downloading images
    at Object.apod.downloadImages (C:\Users\wel\Downloads\quantiply-prod\services\apod.js:78:17)
    at processTicksAndRejections (node:internal/process/task_queues:96:5)
    at async C:\Users\wel\Downloads\quantiply-prod\routes\index.js:79:13
Tue Nov 30 2021 - Error: Error in downloading images
    at Object.apod.downloadImages (C:\Users\wel\Downloads\quantiply-prod\services\apod.js:78:17)
    at processTicksAndRejections (node:internal/process/task_queues:96:5)
    at async C:\Users\wel\Downloads\quantiply-prod\routes\index.js:79:13
Tue Nov 30 2021 - Error: Error in downloading images
    at Object.apod.downloadImages (C:\Users\wel\Downloads\quantiply-prod\services\apod.js:78:17)
    at processTicksAndRejections (node:internal/process/task_queues:96:5)
    at async C:\Users\wel\Downloads\quantiply-prod\routes\index.js:79:13
Tue Nov 30 2021 - Error: Error in downloading images
    at Object.apod.downloadImages (C:\Users\dhira\Downloads\quantiply\src\services\apod.js:78:17)
    at processTicksAndRejections (node:internal/process/task_queues:96:5)
    at async C:\Users\dhira\Downloads\quantiply\src\routes\index.js:79:13
Tue Nov 30 2021 - Error: Error in downloading images
    at Object.apod.downloadImages (C:\Users\dhira\Downloads\quantiply\src\services\apod.js:78:17)
    at processTicksAndRejections (node:internal/process/task_queues:96:5)
    at async C:\Users\dhira\Downloads\quantiply\src\routes\index.js:79:13
Tue Nov 30 2021 - Error: Error in downloading images
    at Object.apod.downloadImages (C:\Users\dhira\Downloads\quantiply\src\services\apod.js:78:17)
    at processTicksAndRejections (node:internal/process/task_queues:96:5)
    at async C:\Users\dhira\Downloads\quantiply\src\routes\index.js:79:13
Tue Nov 30 2021 - MongooseError: Operation `apod.findOne()` buffering timed out after 10000ms
    at Timeout.<anonymous> (C:\Users\dhira\Downloads\quantiply\src\node_modules\mongoose\lib\drivers\node-mongodb-native\collection.js:149:23)
    at listOnTimeout (node:internal/timers:557:17)
    at processTimers (node:internal/timers:500:7)
Tue Nov 30 2021 - Error: Error in downloading images
    at Object.apod.downloadImages (C:\Users\dhira\Downloads\quantiply\src\services\apod.js:79:17)
    at processTicksAndRejections (node:internal/process/task_queues:96:5)
    at async C:\Users\dhira\Downloads\quantiply\src\routes\index.js:79:13
Tue Nov 30 2021 - Error: Error in downloading images
    at Object.apod.downloadImages (C:\Users\dhira\Downloads\quantiply\src\services\apod.js:79:17)
    at processTicksAndRejections (node:internal/process/task_queues:96:5)
    at async C:\Users\dhira\Downloads\quantiply\src\routes\index.js:79:13
Tue Nov 30 2021 - MongooseError: Operation `apod.findOne()` buffering timed out after 10000ms
    at Timeout.<anonymous> (C:\Users\dhira\Downloads\quantiply\src\node_modules\mongoose\lib\drivers\node-mongodb-native\collection.js:149:23)
    at listOnTimeout (node:internal/timers:557:17)
    at processTimers (node:internal/timers:500:7)
Tue Nov 30 2021 - MongooseError: Operation `apod.findOne()` buffering timed out after 10000ms
    at Timeout.<anonymous> (C:\Users\dhira\Downloads\quantiply\src\node_modules\mongoose\lib\drivers\node-mongodb-native\collection.js:149:23)
    at listOnTimeout (node:internal/timers:557:17)
    at processTimers (node:internal/timers:500:7)
Tue Nov 30 2021 - Error: Error in downloading images
    at Object.apod.downloadImages (C:\Users\dhira\Downloads\quantiply\src\services\apod.js:79:17)
    at processTicksAndRejections (node:internal/process/task_queues:96:5)
    at async C:\Users\dhira\Downloads\quantiply\src\routes\index.js:79:13
Tue Nov 30 2021 - MongooseError: Operation `apod.findOne()` buffering timed out after 10000ms
    at Timeout.<anonymous> (C:\Users\dhira\Downloads\quantiply\src\node_modules\mongoose\lib\drivers\node-mongodb-native\collection.js:149:23)
    at listOnTimeout (node:internal/timers:557:17)
    at processTimers (node:internal/timers:500:7)
Tue Nov 30 2021 - Error: Error in downloading images
    at Object.apod.downloadImages (C:\Users\dhira\Downloads\quantiply\src\services\apod.js:79:17)
    at processTicksAndRejections (node:internal/process/task_queues:96:5)
    at async C:\Users\dhira\Downloads\quantiply\src\routes\index.js:79:13
Wed Dec 01 2021 - Error: Error in downloading images
    at Object.apod.downloadImages (C:\Users\dhira\Downloads\quantiply\src\services\apod.js:79:17)
    at processTicksAndRejections (node:internal/process/task_queues:96:5)
    at async C:\Users\dhira\Downloads\quantiply\src\routes\index.js:79:13
Wed Dec 01 2021 - Error: Error: Error: Request failed with status code 404
    at Object.apod.requestAPI (C:\Users\dhira\Downloads\quantiply\src\services\apod.js:39:21)
    at processTicksAndRejections (node:internal/process/task_queues:96:5)
    at async C:\Users\dhira\Downloads\quantiply\src\routes\index.js:67:25
Wed Dec 01 2021 - Error: Error in downloading images
    at Object.apod.downloadImages (C:\Users\dhira\Downloads\quantiply\src\services\apod.js:79:17)
    at processTicksAndRejections (node:internal/process/task_queues:96:5)
    at async C:\Users\dhira\Downloads\quantiply\src\routes\index.js:79:13
Wed Dec 01 2021 - Error: Error in downloading images
    at Object.apod.downloadImages (C:\Users\dhira\Downloads\quantiply\src\services\apod.js:79:17)
    at processTicksAndRejections (node:internal/process/task_queues:96:5)
    at async C:\Users\dhira\Downloads\quantiply\src\routes\index.js:79:13
Wed Dec 01 2021 - Error: Error in downloading images
    at Object.apod.downloadImages (C:\Users\dhira\Downloads\quantiply\src\services\apod.js:79:17)
    at processTicksAndRejections (node:internal/process/task_queues:96:5)
    at async C:\Users\dhira\Downloads\quantiply\src\routes\index.js:79:13
Wed Dec 01 2021 - Error: Error in downloading images
    at Object.apod.downloadImages (C:\Users\dhira\Downloads\quantiply\src\services\apod.js:79:17)
    at processTicksAndRejections (node:internal/process/task_queues:96:5)
    at async C:\Users\dhira\Downloads\quantiply\src\routes\index.js:79:13
Wed Dec 01 2021 - Error: TypeError: Cannot read properties of undefined (reading 'data')
    at Object.apod.downloadImages (C:\Users\dhira\Downloads\quantiply\src\services\apod.js:79:17)
    at processTicksAndRejections (node:internal/process/task_queues:96:5)
    at async C:\Users\dhira\Downloads\quantiply\src\routes\index.js:79:13
Wed Dec 01 2021 - Error: TypeError: Cannot read properties of undefined (reading 'data')
    at Object.apod.downloadImages (C:\Users\dhira\Downloads\quantiply\src\services\apod.js:79:17)
    at processTicksAndRejections (node:internal/process/task_queues:96:5)
    at async C:\Users\dhira\Downloads\quantiply\src\routes\index.js:79:13
Wed Dec 01 2021 - Error: TypeError: Cannot read properties of undefined (reading 'data')
    at Object.apod.downloadImages (C:\Users\dhira\Downloads\quantiply\src\services\apod.js:79:17)
    at processTicksAndRejections (node:internal/process/task_queues:96:5)
    at async C:\Users\dhira\Downloads\quantiply\src\routes\index.js:79:13
Wed Dec 01 2021 - Error: TypeError: Cannot read properties of undefined (reading 'data')
    at Object.apod.downloadImages (C:\Users\dhira\Downloads\quantiply\src\services\apod.js:79:17)
    at processTicksAndRejections (node:internal/process/task_queues:96:5)
    at async C:\Users\dhira\Downloads\quantiply\src\routes\index.js:79:13
Wed Dec 01 2021 - Error: SyntaxError: Unexpected token o in JSON at position 1
    at Object.apod.downloadImages (C:\Users\dhira\Downloads\quantiply\src\services\apod.js:79:17)
    at C:\Users\dhira\Downloads\quantiply\src\routes\index.js:79:27
    at processTicksAndRejections (node:internal/process/task_queues:96:5)
Wed Dec 01 2021 - Error: SyntaxError: Unexpected token o in JSON at position 1
    at Object.apod.downloadImages (C:\Users\dhira\Downloads\quantiply\src\services\apod.js:79:17)
    at C:\Users\dhira\Downloads\quantiply\src\routes\index.js:79:27
    at processTicksAndRejections (node:internal/process/task_queues:96:5)
Wed Dec 01 2021 - Error: SyntaxError: Unexpected token o in JSON at position 1
    at Object.apod.downloadImages (C:\Users\dhira\Downloads\quantiply\src\services\apod.js:79:17)
    at C:\Users\dhira\Downloads\quantiply\src\routes\index.js:79:27
    at processTicksAndRejections (node:internal/process/task_queues:96:5)
Wed Dec 01 2021 - Error: SyntaxError: Unexpected token o in JSON at position 1
    at Object.apod.downloadImages (C:\Users\dhira\Downloads\quantiply\src\services\apod.js:80:17)
    at C:\Users\dhira\Downloads\quantiply\src\routes\index.js:79:27
    at processTicksAndRejections (node:internal/process/task_queues:96:5)
Wed Dec 01 2021 - Error: SyntaxError: Unexpected token o in JSON at position 1
    at Object.apod.downloadImages (C:\Users\dhira\Downloads\quantiply\src\services\apod.js:80:17)
    at C:\Users\dhira\Downloads\quantiply\src\routes\index.js:79:27
    at processTicksAndRejections (node:internal/process/task_queues:96:5)
Wed Dec 01 2021 - Error: SyntaxError: Unexpected token o in JSON at position 1
    at Object.apod.downloadImages (C:\Users\dhira\Downloads\quantiply\src\services\apod.js:80:17)
    at C:\Users\dhira\Downloads\quantiply\src\routes\index.js:79:27
    at processTicksAndRejections (node:internal/process/task_queues:96:5)
Wed Dec 01 2021 - Error: SyntaxError: Unexpected token o in JSON at position 1
    at Object.apod.downloadImages (C:\Users\dhira\Downloads\quantiply\src\services\apod.js:80:17)
    at C:\Users\dhira\Downloads\quantiply\src\routes\index.js:79:27
    at processTicksAndRejections (node:internal/process/task_queues:96:5)
Wed Dec 01 2021 - Error: ReferenceError: url is not defined
    at Object.apod.downloadImages (C:\Users\dhira\Downloads\quantiply\src\services\apod.js:80:17)
    at processTicksAndRejections (node:internal/process/task_queues:96:5)
    at async C:\Users\dhira\Downloads\quantiply\src\routes\index.js:79:13
Wed Dec 01 2021 - Error: TypeError [ERR_INVALID_ARG_TYPE]: The "url" argument must be of type string. Received an instance of Object
    at Object.apod.downloadImages (C:\Users\dhira\Downloads\quantiply\src\services\apod.js:80:17)
    at processTicksAndRejections (node:internal/process/task_queues:96:5)
    at async C:\Users\dhira\Downloads\quantiply\src\routes\index.js:79:13
