Tue Nov 30 2021 GET /
Tue Nov 30 2021 POST /fetch
Tue Nov 30 2021 GET /favicon.ico
Tue Nov 30 2021 GET /?date=2021-11-29
Tue Nov 30 2021 GET /?date=2021-11-29
Tue Nov 30 2021 GET /?date=2021-11-29
Tue Nov 30 2021 GET /?date=2021-11-29
Tue Nov 30 2021 GET /
Tue Nov 30 2021 GET /favicon.ico
Tue Nov 30 2021 GET /?date=2021-11-29
Tue Nov 30 2021 GET /?date=2021-08-10
Tue Nov 30 2021 GET /?date=2021-08-10
Tue Nov 30 2021 GET /?date=2021-08-10
Tue Nov 30 2021 GET /?date=2021-08-10
Tue Nov 30 2021 GET /?date=2021-08-10
Tue Nov 30 2021 GET /?date=2021-08-10
Tue Nov 30 2021 GET /?date=2021-08-10
Tue Nov 30 2021 GET /?date=2021-08-10
Tue Nov 30 2021 GET /?date=2021-08-10
Tue Nov 30 2021 GET /?date=2021-08-10
Wed Dec 01 2021 GET /
Wed Dec 01 2021 POST /fetch
Wed Dec 01 2021 GET /favicon.ico
Wed Dec 01 2021 GET /?date=2021-11-29
Wed Dec 01 2021 GET /?date=2021-11-29
Wed Dec 01 2021 GET /?date=2021-11-29
Wed Dec 01 2021 GET /?date=2021-11-29
Wed Dec 01 2021 GET /?date=2021-11-29
Wed Dec 01 2021 GET /
Wed Dec 01 2021 POST /fetch
Wed Dec 01 2021 GET /?date=2021-11-30
Wed Dec 01 2021 GET /?date=2021-11-29
Wed Dec 01 2021 GET /?date=2021-11-29
Wed Dec 01 2021 GET /?date=2021-11-29
Wed Dec 01 2021 GET /?date=2021-11-29
Wed Dec 01 2021 GET /?date=2021-11-29
Wed Dec 01 2021 GET /?date=2021-11-29
Wed Dec 01 2021 GET /?date=2021-11-29
Wed Dec 01 2021 GET /?date=2021-11-29
Wed Dec 01 2021 GET /?date=2021-11-29
Wed Dec 01 2021 GET /?date=2021-11-1
Wed Dec 01 2021 GET /
Wed Dec 01 2021 POST /fetch
Wed Dec 01 2021 GET /?date=2021-10-01
Wed Dec 01 2021 GET /images/2021-10-01.jpg
Wed Dec 01 2021 GET /?date=2021-10-01
Wed Dec 01 2021 GET /
Wed Dec 01 2021 POST /fetch
Wed Dec 01 2021 GET /?date=2021-11-30
Wed Dec 01 2021 GET /?date=2021-11-01
Wed Dec 01 2021 GET /?date=2021-11-01
Wed Dec 01 2021 GET /?date=2021-11-01
Wed Dec 01 2021 GET /?date=2021-11-01
Wed Dec 01 2021 POST /fetch
Wed Dec 01 2021 GET /?date=2021-11-02
Wed Dec 01 2021 POST /fetch
Wed Dec 01 2021 GET /?date=
Wed Dec 01 2021 POST /fetch
